<?xml version="1.0" encoding="UTF-8"?>
<testng-results skipped="0" failed="0" ignored="0" total="5" passed="5">
  <reporter-output>
  </reporter-output>
  <suite name="Default suite" duration-ms="47" started-at="2018-12-18T04:41:07Z" finished-at="2018-12-18T04:41:07Z">
    <groups>
    </groups>
    <test name="Default test" duration-ms="47" started-at="2018-12-18T04:41:07Z" finished-at="2018-12-18T04:41:07Z">
      <class name="day8.DataDriven">
        <test-method status="PASS" signature="printDetails(java.lang.String, int)[pri:0, instance:day8.DataDriven@1810399e]" name="printDetails" duration-ms="0" started-at="2018-12-18T04:41:07Z" data-provider="data" finished-at="2018-12-18T04:41:07Z">
          <params>
            <param index="0">
              <value>
                <![CDATA[Second]]>
              </value>
            </param>
            <param index="1">
              <value>
                <![CDATA[2]]>
              </value>
            </param>
          </params>
          <reporter-output>
          </reporter-output>
        </test-method> <!-- printDetails -->
        <test-method status="PASS" signature="printDetails(java.lang.String, int)[pri:0, instance:day8.DataDriven@1810399e]" name="printDetails" duration-ms="0" started-at="2018-12-18T04:41:07Z" data-provider="data" finished-at="2018-12-18T04:41:07Z">
          <params>
            <param index="0">
              <value>
                <![CDATA[First]]>
              </value>
            </param>
            <param index="1">
              <value>
                <![CDATA[1]]>
              </value>
            </param>
          </params>
          <reporter-output>
          </reporter-output>
        </test-method> <!-- printDetails -->
        <test-method status="PASS" signature="printDetails(java.lang.String, int)[pri:0, instance:day8.DataDriven@1810399e]" name="printDetails" duration-ms="0" started-at="2018-12-18T04:41:07Z" data-provider="data" finished-at="2018-12-18T04:41:07Z">
          <params>
            <param index="0">
              <value>
                <![CDATA[Fifth]]>
              </value>
            </param>
            <param index="1">
              <value>
                <![CDATA[5]]>
              </value>
            </param>
          </params>
          <reporter-output>
          </reporter-output>
        </test-method> <!-- printDetails -->
        <test-method status="PASS" signature="printDetails(java.lang.String, int)[pri:0, instance:day8.DataDriven@1810399e]" name="printDetails" duration-ms="0" started-at="2018-12-18T04:41:07Z" data-provider="data" finished-at="2018-12-18T04:41:07Z">
          <params>
            <param index="0">
              <value>
                <![CDATA[Third]]>
              </value>
            </param>
            <param index="1">
              <value>
                <![CDATA[3]]>
              </value>
            </param>
          </params>
          <reporter-output>
          </reporter-output>
        </test-method> <!-- printDetails -->
        <test-method status="PASS" signature="printDetails(java.lang.String, int)[pri:0, instance:day8.DataDriven@1810399e]" name="printDetails" duration-ms="0" started-at="2018-12-18T04:41:07Z" data-provider="data" finished-at="2018-12-18T04:41:07Z">
          <params>
            <param index="0">
              <value>
                <![CDATA[Fourth]]>
              </value>
            </param>
            <param index="1">
              <value>
                <![CDATA[4]]>
              </value>
            </param>
          </params>
          <reporter-output>
          </reporter-output>
        </test-method> <!-- printDetails -->
      </class> <!-- day8.DataDriven -->
    </test> <!-- Default test -->
  </suite> <!-- Default suite -->
</testng-results>
