<?xml version="1.0" encoding="UTF-8"?>
<!-- Generated by org.testng.reporters.JUnitXMLReporter -->
<testsuite hostname="VAIDEHI-PC" ignored="0" name="Passing Parameters Testing" tests="2" failures="0" timestamp="17 Dec 2018 13:46:54 GMT" time="12.913" errors="0">
  <testcase name="verifyTitleOfThePage" time="0.019" classname="day8.Guru99Project"/>
  <testcase name="verifyLoginToGuru99Application" time="2.346" classname="day8.Guru99Project"/>
</testsuite> <!-- Passing Parameters Testing -->
