<?xml version="1.0" encoding="UTF-8"?>
<!-- Generated by org.testng.reporters.JUnitXMLReporter -->
<testsuite hostname="VAIDEHI-PC" ignored="0" name="LoginValidationch" tests="3" failures="0" timestamp="03 Jan 2019 05:00:43 GMT" time="38.793" errors="0">
  <testcase name="verifyLoginToEdureka" time="2.621" classname="day6.FifthCS"/>
  <testcase name="browseForAllCourses" time="16.061" classname="day6.FifthCS"/>
  <testcase name="logout" time="7.657" classname="day6.FifthCS"/>
</testsuite> <!-- LoginValidationch -->
