<?xml version="1.0" encoding="UTF-8"?>
<!-- Generated by org.testng.reporters.JUnitXMLReporter -->
<testsuite hostname="VAIDEHI-PC" ignored="4" name="All Sanity test cases" tests="4" failures="0" timestamp="18 Dec 2018 04:18:46 GMT" time="0.047" errors="0">
  <testcase name="testcase1" time="0.0" classname="day8.FirstTestNG"/>
  <testcase name="testcase4" time="0.0" classname="day8.FirstTestNG2"/>
  <testcase name="testcase2" time="0.0" classname="day8.FirstTestNG"/>
  <testcase name="testcase3" time="0.0" classname="day8.FirstTestNG2"/>
  <testcase name="testcase1" time="0.0" classname="day8.FirstTestNG2">
    <ignored/>
  </testcase> <!-- testcase1 -->
  <testcase name="testcase4" time="0.0" classname="day8.FirstTestNG">
    <ignored/>
  </testcase> <!-- testcase4 -->
  <testcase name="testcase2" time="0.0" classname="day8.FirstTestNG2">
    <ignored/>
  </testcase> <!-- testcase2 -->
  <testcase name="testcase3" time="0.0" classname="day8.FirstTestNG">
    <ignored/>
  </testcase> <!-- testcase3 -->
</testsuite> <!-- All Sanity test cases -->
