<?xml version="1.0" encoding="UTF-8"?>
<!-- Generated by org.testng.reporters.JUnitXMLReporter -->
<testsuite hostname="VAIDEHI-PC" ignored="0" name="Default test" tests="5" failures="0" timestamp="18 Dec 2018 04:41:07 GMT" time="0.047" errors="0">
  <testcase name="printDetails" time="0.0" classname="day8.DataDriven"/>
  <testcase name="printDetails" time="0.0" classname="day8.DataDriven"/>
  <testcase name="printDetails" time="0.0" classname="day8.DataDriven"/>
  <testcase name="printDetails" time="0.0" classname="day8.DataDriven"/>
  <testcase name="printDetails" time="0.0" classname="day8.DataDriven"/>
</testsuite> <!-- Default test -->
