<?xml version="1.0" encoding="UTF-8"?>
<testng-results skipped="0" failed="0" ignored="0" total="2" passed="2">
  <reporter-output>
  </reporter-output>
  <suite name="Default suite" duration-ms="27306" started-at="2019-01-09T17:59:00Z" finished-at="2019-01-09T17:59:27Z">
    <groups>
    </groups>
    <test name="Default test" duration-ms="27306" started-at="2019-01-09T17:59:00Z" finished-at="2019-01-09T17:59:27Z">
      <class name="day8.test.DemoGmailPageFactory">
        <test-method status="PASS" signature="invokeBrowser()[pri:0, instance:day8.test.DemoGmailPageFactory@6d00a15d]" name="invokeBrowser" is-config="true" duration-ms="7785" started-at="2019-01-09T17:59:00Z" finished-at="2019-01-09T17:59:08Z">
          <reporter-output>
          </reporter-output>
        </test-method> <!-- invokeBrowser -->
        <test-method status="PASS" signature="signIn()[pri:0, instance:day8.test.DemoGmailPageFactory@6d00a15d]" name="signIn" duration-ms="1445" started-at="2019-01-09T17:59:08Z" finished-at="2019-01-09T17:59:09Z">
          <reporter-output>
          </reporter-output>
        </test-method> <!-- signIn -->
        <test-method status="PASS" signature="composeMail()[pri:1000, instance:day8.test.DemoGmailPageFactory@6d00a15d]" name="composeMail" duration-ms="17430" started-at="2019-01-09T17:59:09Z" finished-at="2019-01-09T17:59:27Z">
          <reporter-output>
          </reporter-output>
        </test-method> <!-- composeMail -->
        <test-method status="PASS" signature="closeBrowser()[pri:0, instance:day8.test.DemoGmailPageFactory@6d00a15d]" name="closeBrowser" is-config="true" duration-ms="636" started-at="2019-01-09T17:59:27Z" finished-at="2019-01-09T17:59:27Z">
          <reporter-output>
          </reporter-output>
        </test-method> <!-- closeBrowser -->
      </class> <!-- day8.test.DemoGmailPageFactory -->
    </test> <!-- Default test -->
  </suite> <!-- Default suite -->
</testng-results>
